0 info it worked if it ends with ok
1 verbose cli [ '/usr/bin/node', '/usr/bin/npm', 'install', 'stylus' ]
2 info using npm@1.4.28
3 info using node@v0.10.37
4 verbose node symlink /usr/bin/node
5 verbose cache add [ 'stylus', null ]
6 verbose cache add name=undefined spec="stylus" args=["stylus",null]
7 verbose parsed url { protocol: null,
7 verbose parsed url   slashes: null,
7 verbose parsed url   auth: null,
7 verbose parsed url   host: null,
7 verbose parsed url   port: null,
7 verbose parsed url   hostname: null,
7 verbose parsed url   hash: null,
7 verbose parsed url   search: null,
7 verbose parsed url   query: null,
7 verbose parsed url   pathname: 'stylus',
7 verbose parsed url   path: 'stylus',
7 verbose parsed url   href: 'stylus' }
8 silly lockFile 27c0f414-stylus stylus
9 verbose lock stylus /home/taliento/.npm/27c0f414-stylus.lock
10 silly lockFile 27c0f414-stylus stylus
11 silly lockFile 27c0f414-stylus stylus
12 verbose addNamed [ 'stylus', '' ]
13 verbose addNamed [ null, '*' ]
14 silly lockFile 5140332e-stylus stylus@
15 verbose lock stylus@ /home/taliento/.npm/5140332e-stylus.lock
16 silly addNameRange { name: 'stylus', range: '*', hasData: false }
17 verbose request where is /stylus
18 verbose request registry https://registry.npmjs.org/
19 verbose request id b04e4836f06d1b17
20 verbose url raw /stylus
21 verbose url resolving [ 'https://registry.npmjs.org/', './stylus' ]
22 verbose url resolved https://registry.npmjs.org/stylus
23 verbose request where is https://registry.npmjs.org/stylus
24 info trying registry request attempt 1 at 10:36:32
25 verbose etag "5281C7KX7T18BLJSF9TB0YCCT"
26 http GET https://registry.npmjs.org/stylus
27 http 304 https://registry.npmjs.org/stylus
28 silly registry.get cb [ 304,
28 silly registry.get   { date: 'Mon, 04 May 2015 08:36:33 GMT',
28 silly registry.get     via: '1.1 varnish',
28 silly registry.get     'last-modified': 'Mon, 04 May 2015 08:36:33 GMT',
28 silly registry.get     'cache-control': 'max-age=60',
28 silly registry.get     etag: '"5281C7KX7T18BLJSF9TB0YCCT"',
28 silly registry.get     age: '23',
28 silly registry.get     connection: 'keep-alive',
28 silly registry.get     'x-served-by': 'cache-fra1241-FRA',
28 silly registry.get     'x-cache': 'HIT',
28 silly registry.get     'x-cache-hits': '1',
28 silly registry.get     'x-timer': 'S1430728593.031257,VS0,VE0',
28 silly registry.get     vary: 'Accept' } ]
29 verbose etag https://registry.npmjs.org/stylus from cache
30 silly addNameRange number 2 { name: 'stylus', range: '*', hasData: true }
31 silly addNameRange versions [ 'stylus',
31 silly addNameRange   [ '0.0.1',
31 silly addNameRange     '0.0.2',
31 silly addNameRange     '0.1.0',
31 silly addNameRange     '0.2.0',
31 silly addNameRange     '0.2.1',
31 silly addNameRange     '0.3.0',
31 silly addNameRange     '0.3.1',
31 silly addNameRange     '0.4.0',
31 silly addNameRange     '0.4.1',
31 silly addNameRange     '0.5.0',
31 silly addNameRange     '0.5.1',
31 silly addNameRange     '0.5.2',
31 silly addNameRange     '0.5.3',
31 silly addNameRange     '0.6.0',
31 silly addNameRange     '0.6.2',
31 silly addNameRange     '0.6.3',
31 silly addNameRange     '0.6.4',
31 silly addNameRange     '0.6.5',
31 silly addNameRange     '0.6.6',
31 silly addNameRange     '0.6.7',
31 silly addNameRange     '0.7.0',
31 silly addNameRange     '0.7.1',
31 silly addNameRange     '0.7.2',
31 silly addNameRange     '0.7.3',
31 silly addNameRange     '0.7.4',
31 silly addNameRange     '0.8.0',
31 silly addNameRange     '0.9.0',
31 silly addNameRange     '0.9.1',
31 silly addNameRange     '0.9.2',
31 silly addNameRange     '0.10.0',
31 silly addNameRange     '0.11.0',
31 silly addNameRange     '0.11.1',
31 silly addNameRange     '0.11.2',
31 silly addNameRange     '0.11.3',
31 silly addNameRange     '0.11.4',
31 silly addNameRange     '0.11.5',
31 silly addNameRange     '0.11.6',
31 silly addNameRange     '0.11.7',
31 silly addNameRange     '0.11.8',
31 silly addNameRange     '0.11.9',
31 silly addNameRange     '0.11.10',
31 silly addNameRange     '0.11.11',
31 silly addNameRange     '0.11.12',
31 silly addNameRange     '0.12.0',
31 silly addNameRange     '0.12.1',
31 silly addNameRange     '0.12.2',
31 silly addNameRange     '0.12.3',
31 silly addNameRange     '0.12.4',
31 silly addNameRange     '0.13.0',
31 silly addNameRange     '0.13.1',
31 silly addNameRange     '0.13.2',
31 silly addNameRange     '0.13.3',
31 silly addNameRange     '0.13.4',
31 silly addNameRange     '0.13.5',
31 silly addNameRange     '0.13.6',
31 silly addNameRange     '0.13.7',
31 silly addNameRange     '0.13.8',
31 silly addNameRange     '0.13.9',
31 silly addNameRange     '0.14.0',
31 silly addNameRange     '0.15.0',
31 silly addNameRange     '0.15.1',
31 silly addNameRange     '0.15.2',
31 silly addNameRange     '0.15.3',
31 silly addNameRange     '0.15.4',
31 silly addNameRange     '0.16.0',
31 silly addNameRange     '0.17.0',
31 silly addNameRange     '0.18.0',
31 silly addNameRange     '0.19.0',
31 silly addNameRange     '0.19.1',
31 silly addNameRange     '0.19.2',
31 silly addNameRange     '0.19.3',
31 silly addNameRange     '0.19.4',
31 silly addNameRange     '0.19.5',
31 silly addNameRange     '0.19.6',
31 silly addNameRange     '0.19.7',
31 silly addNameRange     '0.19.8',
31 silly addNameRange     '0.20.0',
31 silly addNameRange     '0.20.1',
31 silly addNameRange     '0.21.0',
31 silly addNameRange     '0.21.1',
31 silly addNameRange     '0.21.2',
31 silly addNameRange     '0.22.0',
31 silly addNameRange     '0.22.1',
31 silly addNameRange     '0.22.2',
31 silly addNameRange     '0.22.3',
31 silly addNameRange     '0.22.4',
31 silly addNameRange     '0.22.5',
31 silly addNameRange     '0.22.6',
31 silly addNameRange     '0.23.0',
31 silly addNameRange     '0.24.0',
31 silly addNameRange     '0.25.0',
31 silly addNameRange     '0.26.0',
31 silly addNameRange     '0.26.1',
31 silly addNameRange     '0.27.0',
31 silly addNameRange     '0.27.1',
31 silly addNameRange     '0.27.2',
31 silly addNameRange     '0.28.0',
31 silly addNameRange     '0.28.1',
31 silly addNameRange     '0.28.2',
31 silly addNameRange     '0.29.0',
31 silly addNameRange     '0.30.0',
31 silly addNameRange     '0.30.1',
31 silly addNameRange     '0.31.0',
31 silly addNameRange     '0.32.0',
31 silly addNameRange     '0.32.1',
31 silly addNameRange     '0.33.0',
31 silly addNameRange     '0.33.1',
31 silly addNameRange     '0.34.0',
31 silly addNameRange     '0.34.1',
31 silly addNameRange     '0.35.0',
31 silly addNameRange     '0.35.1',
31 silly addNameRange     '0.36.0',
31 silly addNameRange     '0.36.1',
31 silly addNameRange     '0.37.0',
31 silly addNameRange     '0.38.0',
31 silly addNameRange     '0.39.0',
31 silly addNameRange     '0.39.1',
31 silly addNameRange     '0.39.2',
31 silly addNameRange     '0.39.3',
31 silly addNameRange     '0.39.4',
31 silly addNameRange     '0.40.0',
31 silly addNameRange     '0.40.1',
31 silly addNameRange     '0.40.2',
31 silly addNameRange     '0.40.3',
31 silly addNameRange     '0.41.0',
31 silly addNameRange     '0.41.1',
31 silly addNameRange     '0.41.2',
31 silly addNameRange     '0.41.3',
31 silly addNameRange     '0.42.0',
31 silly addNameRange     '0.42.1',
31 silly addNameRange     '0.42.2',
31 silly addNameRange     '0.42.3',
31 silly addNameRange     '0.43.0',
31 silly addNameRange     '0.44.0-beta',
31 silly addNameRange     '0.43.1',
31 silly addNameRange     '0.44.0-beta2',
31 silly addNameRange     '0.44.0-beta3',
31 silly addNameRange     '0.44.0',
31 silly addNameRange     '0.45.0',
31 silly addNameRange     '0.45.1',
31 silly addNameRange     '0.46.0',
31 silly addNameRange     '0.46.1',
31 silly addNameRange     '0.46.2',
31 silly addNameRange     '0.46.3',
31 silly addNameRange     '0.47.0',
31 silly addNameRange     '0.47.1',
31 silly addNameRange     '0.47.2',
31 silly addNameRange     '0.47.3',
31 silly addNameRange     '0.48.0',
31 silly addNameRange     '0.48.1',
31 silly addNameRange     '0.49.0',
31 silly addNameRange     '0.49.1',
31 silly addNameRange     '0.49.2',
31 silly addNameRange     '0.49.3',
31 silly addNameRange     '0.50.0',
31 silly addNameRange     '0.51.0',
31 silly addNameRange     '0.51.1' ] ]
32 verbose addNamed [ 'stylus', '0.51.1' ]
33 verbose addNamed [ '0.51.1', '0.51.1' ]
34 silly lockFile a5093493-stylus-0-51-1 stylus@0.51.1
35 verbose lock stylus@0.51.1 /home/taliento/.npm/a5093493-stylus-0-51-1.lock
36 silly lockFile 874d7324-mjs-org-stylus-stylus-0-51-1-tgz https://registry.npmjs.org/stylus/-/stylus-0.51.1.tgz
37 verbose lock https://registry.npmjs.org/stylus/-/stylus-0.51.1.tgz /home/taliento/.npm/874d7324-mjs-org-stylus-stylus-0-51-1-tgz.lock
38 verbose addRemoteTarball [ 'https://registry.npmjs.org/stylus/-/stylus-0.51.1.tgz',
38 verbose addRemoteTarball   'd75c405c1d87d5e00ca5758d311cd79360f0fb99' ]
39 info retry fetch attempt 1 at 10:36:32
40 verbose fetch to= /tmp/npm-6868-7yLF1paH/registry.npmjs.org/stylus/-/stylus-0.51.1.tgz
41 http GET https://registry.npmjs.org/stylus/-/stylus-0.51.1.tgz
42 http 200 https://registry.npmjs.org/stylus/-/stylus-0.51.1.tgz
43 silly lockFile 874d7324-mjs-org-stylus-stylus-0-51-1-tgz https://registry.npmjs.org/stylus/-/stylus-0.51.1.tgz
44 silly lockFile 874d7324-mjs-org-stylus-stylus-0-51-1-tgz https://registry.npmjs.org/stylus/-/stylus-0.51.1.tgz
45 silly lockFile a5093493-stylus-0-51-1 stylus@0.51.1
46 silly lockFile a5093493-stylus-0-51-1 stylus@0.51.1
47 silly lockFile 5140332e-stylus stylus@
48 silly lockFile 5140332e-stylus stylus@
49 error Error: EACCES, mkdir '/home/taliento/.npm/stylus/0.51.1'
49 error  { [Error: EACCES, mkdir '/home/taliento/.npm/stylus/0.51.1']
49 error   errno: 3,
49 error   code: 'EACCES',
49 error   path: '/home/taliento/.npm/stylus/0.51.1' }
50 error Please try running this command again as root/Administrator.
51 error System Linux 3.13.0-49-generic
52 error command "/usr/bin/node" "/usr/bin/npm" "install" "stylus"
53 error cwd /home/taliento/sviluppoNodejs/expressworks/stylishCss
54 error node -v v0.10.37
55 error npm -v 1.4.28
56 error path /home/taliento/.npm/stylus/0.51.1
57 error code EACCES
58 error errno 3
59 error stack Error: EACCES, mkdir '/home/taliento/.npm/stylus/0.51.1'
60 verbose exit [ 3, true ]
