0 info it worked if it ends with ok
1 verbose cli [ '/usr/bin/node', '/usr/bin/npm', 'install', 'joi' ]
2 info using npm@1.4.28
3 info using node@v0.10.37
4 verbose node symlink /usr/bin/node
5 verbose cache add [ 'joi', null ]
6 verbose cache add name=undefined spec="joi" args=["joi",null]
7 verbose parsed url { protocol: null,
7 verbose parsed url   slashes: null,
7 verbose parsed url   auth: null,
7 verbose parsed url   host: null,
7 verbose parsed url   port: null,
7 verbose parsed url   hostname: null,
7 verbose parsed url   hash: null,
7 verbose parsed url   search: null,
7 verbose parsed url   query: null,
7 verbose parsed url   pathname: 'joi',
7 verbose parsed url   path: 'joi',
7 verbose parsed url   href: 'joi' }
8 silly lockFile ee1e490f-joi joi
9 verbose lock joi /home/taliento/.npm/ee1e490f-joi.lock
10 silly lockFile ee1e490f-joi joi
11 silly lockFile ee1e490f-joi joi
12 verbose addNamed [ 'joi', '' ]
13 verbose addNamed [ null, '*' ]
14 silly lockFile bd4a8702-joi joi@
15 verbose lock joi@ /home/taliento/.npm/bd4a8702-joi.lock
16 silly addNameRange { name: 'joi', range: '*', hasData: false }
17 verbose request where is /joi
18 verbose request registry https://registry.npmjs.org/
19 verbose request id a5747265b864e004
20 verbose url raw /joi
21 verbose url resolving [ 'https://registry.npmjs.org/', './joi' ]
22 verbose url resolved https://registry.npmjs.org/joi
23 verbose request where is https://registry.npmjs.org/joi
24 info trying registry request attempt 1 at 15:13:19
25 verbose etag "7XCXQR4YVDZMOHHJC7VE4B1MA"
26 http GET https://registry.npmjs.org/joi
27 http 304 https://registry.npmjs.org/joi
28 silly registry.get cb [ 304,
28 silly registry.get   { date: 'Mon, 04 May 2015 13:13:20 GMT',
28 silly registry.get     via: '1.1 varnish',
28 silly registry.get     'last-modified': 'Mon, 04 May 2015 13:13:20 GMT',
28 silly registry.get     'cache-control': 'max-age=60',
28 silly registry.get     etag: '"7XCXQR4YVDZMOHHJC7VE4B1MA"',
28 silly registry.get     age: '6',
28 silly registry.get     connection: 'keep-alive',
28 silly registry.get     'x-served-by': 'cache-fra1224-FRA',
28 silly registry.get     'x-cache': 'HIT',
28 silly registry.get     'x-cache-hits': '1',
28 silly registry.get     'x-timer': 'S1430745200.406751,VS0,VE1',
28 silly registry.get     vary: 'Accept' } ]
29 verbose etag https://registry.npmjs.org/joi from cache
30 silly addNameRange number 2 { name: 'joi', range: '*', hasData: true }
31 silly addNameRange versions [ 'joi',
31 silly addNameRange   [ '0.0.1',
31 silly addNameRange     '0.0.2',
31 silly addNameRange     '0.0.3',
31 silly addNameRange     '0.0.4',
31 silly addNameRange     '0.0.5',
31 silly addNameRange     '0.0.6',
31 silly addNameRange     '0.0.6-1',
31 silly addNameRange     '0.0.7',
31 silly addNameRange     '0.0.8',
31 silly addNameRange     '0.0.9',
31 silly addNameRange     '0.0.10',
31 silly addNameRange     '0.1.0',
31 silly addNameRange     '0.1.1',
31 silly addNameRange     '0.1.2',
31 silly addNameRange     '0.1.3',
31 silly addNameRange     '0.2.0',
31 silly addNameRange     '0.2.1',
31 silly addNameRange     '0.2.2',
31 silly addNameRange     '0.2.3',
31 silly addNameRange     '0.2.4',
31 silly addNameRange     '0.2.5',
31 silly addNameRange     '0.2.6',
31 silly addNameRange     '0.3.0',
31 silly addNameRange     '0.3.1',
31 silly addNameRange     '0.3.2',
31 silly addNameRange     '0.3.3',
31 silly addNameRange     '0.3.4',
31 silly addNameRange     '0.3.5',
31 silly addNameRange     '0.3.6',
31 silly addNameRange     '0.4.0',
31 silly addNameRange     '1.0.0',
31 silly addNameRange     '1.1.0',
31 silly addNameRange     '1.2.0',
31 silly addNameRange     '1.2.1',
31 silly addNameRange     '1.2.2',
31 silly addNameRange     '1.2.3',
31 silly addNameRange     '2.0.0',
31 silly addNameRange     '2.0.1',
31 silly addNameRange     '2.0.2',
31 silly addNameRange     '2.0.3',
31 silly addNameRange     '2.1.0',
31 silly addNameRange     '2.2.0',
31 silly addNameRange     '2.3.0',
31 silly addNameRange     '2.3.1',
31 silly addNameRange     '2.4.1',
31 silly addNameRange     '2.4.2',
31 silly addNameRange     '2.4.3',
31 silly addNameRange     '2.5.0',
31 silly addNameRange     '2.6.0',
31 silly addNameRange     '2.7.0',
31 silly addNameRange     '2.8.0',
31 silly addNameRange     '2.9.0',
31 silly addNameRange     '3.0.0',
31 silly addNameRange     '3.1.0',
31 silly addNameRange     '4.0.0',
31 silly addNameRange     '4.2.1',
31 silly addNameRange     '4.3.0',
31 silly addNameRange     '4.3.1',
31 silly addNameRange     '4.4.0',
31 silly addNameRange     '4.5.0',
31 silly addNameRange     '4.6.0',
31 silly addNameRange     '4.6.1',
31 silly addNameRange     '4.6.2',
31 silly addNameRange     '4.7.0',
31 silly addNameRange     '4.8.0',
31 silly addNameRange     '4.8.1',
31 silly addNameRange     '4.9.0',
31 silly addNameRange     '5.0.0',
31 silly addNameRange     '5.0.1',
31 silly addNameRange     '5.0.2',
31 silly addNameRange     '5.1.0',
31 silly addNameRange     '6.0.0',
31 silly addNameRange     '6.0.1',
31 silly addNameRange     '6.0.2',
31 silly addNameRange     '6.0.3',
31 silly addNameRange     '6.0.4',
31 silly addNameRange     '6.0.5',
31 silly addNameRange     '6.0.6',
31 silly addNameRange     '6.0.7',
31 silly addNameRange     '6.0.8',
31 silly addNameRange     '6.1.0',
31 silly addNameRange     '6.1.1',
31 silly addNameRange     '6.1.2',
31 silly addNameRange     '6.2.0',
31 silly addNameRange     '6.3.0',
31 silly addNameRange     '6.4.0',
31 silly addNameRange     '6.4.1' ] ]
32 verbose addNamed [ 'joi', '6.4.1' ]
33 verbose addNamed [ '6.4.1', '6.4.1' ]
34 silly lockFile f3c0e630-joi-6-4-1 joi@6.4.1
35 verbose lock joi@6.4.1 /home/taliento/.npm/f3c0e630-joi-6-4-1.lock
36 silly lockFile 28d219a8-stry-npmjs-org-joi-joi-6-4-1-tgz https://registry.npmjs.org/joi/-/joi-6.4.1.tgz
37 verbose lock https://registry.npmjs.org/joi/-/joi-6.4.1.tgz /home/taliento/.npm/28d219a8-stry-npmjs-org-joi-joi-6-4-1-tgz.lock
38 verbose addRemoteTarball [ 'https://registry.npmjs.org/joi/-/joi-6.4.1.tgz',
38 verbose addRemoteTarball   'f50f42453560068e6383da15ac2d30dd7ceb6b6e' ]
39 info retry fetch attempt 1 at 15:13:19
40 verbose fetch to= /tmp/npm-11588-xe2rfOJE/registry.npmjs.org/joi/-/joi-6.4.1.tgz
41 http GET https://registry.npmjs.org/joi/-/joi-6.4.1.tgz
42 http 200 https://registry.npmjs.org/joi/-/joi-6.4.1.tgz
43 silly lockFile 28d219a8-stry-npmjs-org-joi-joi-6-4-1-tgz https://registry.npmjs.org/joi/-/joi-6.4.1.tgz
44 silly lockFile 28d219a8-stry-npmjs-org-joi-joi-6-4-1-tgz https://registry.npmjs.org/joi/-/joi-6.4.1.tgz
45 silly lockFile f3c0e630-joi-6-4-1 joi@6.4.1
46 silly lockFile f3c0e630-joi-6-4-1 joi@6.4.1
47 silly lockFile bd4a8702-joi joi@
48 silly lockFile bd4a8702-joi joi@
49 error Error: EACCES, mkdir '/home/taliento/.npm/joi/6.4.1'
49 error  { [Error: EACCES, mkdir '/home/taliento/.npm/joi/6.4.1']
49 error   errno: 3,
49 error   code: 'EACCES',
49 error   path: '/home/taliento/.npm/joi/6.4.1' }
50 error Please try running this command again as root/Administrator.
51 error System Linux 3.13.0-49-generic
52 error command "/usr/bin/node" "/usr/bin/npm" "install" "joi"
53 error cwd /home/taliento/sviluppoNodejs/learning/makemehapi
54 error node -v v0.10.37
55 error npm -v 1.4.28
56 error path /home/taliento/.npm/joi/6.4.1
57 error code EACCES
58 error errno 3
59 error stack Error: EACCES, mkdir '/home/taliento/.npm/joi/6.4.1'
60 verbose exit [ 3, true ]
